  1>Building Custom Rule D:/4ano/2sem/vi/projeto/src/CMakeLists.txt
  AmbientShader.cpp
D:\4ano\2sem\vi\projeto\src\Primitive\../utils/vector.hpp(56,21): warning C4244: 'argument': conversion from 'double' to 'float', possible loss of data
D:\4ano\2sem\vi\projeto\src\Primitive\../utils/vector.hpp(55,21): warning C4244: 'argument': conversion from 'double' to 'float', possible loss of data
D:\4ano\2sem\vi\projeto\src\Primitive\../utils/vector.hpp(54,35): warning C4244: 'argument': conversion from 'double' to 'float', possible loss of data
D:\4ano\2sem\vi\projeto\src\Primitive\../Rays/ray.hpp(13,25): warning C4305: 'initializing': truncation from 'double' to 'float'
D:\4ano\2sem\vi\projeto\src\Primitive\BRDF\../../utils/RGB.hpp(57,37): warning C4244: 'return': conversion from 'double' to 'float', possible loss of data
  WhittedShader.cpp
D:\4ano\2sem\vi\projeto\src\Primitive\../utils/vector.hpp(56,21): warning C4244: 'argument': conversion from 'double' to 'float', possible loss of data
D:\4ano\2sem\vi\projeto\src\Primitive\../utils/vector.hpp(55,21): warning C4244: 'argument': conversion from 'double' to 'float', possible loss of data
D:\4ano\2sem\vi\projeto\src\Primitive\../utils/vector.hpp(54,35): warning C4244: 'argument': conversion from 'double' to 'float', possible loss of data
D:\4ano\2sem\vi\projeto\src\Primitive\../Rays/ray.hpp(13,25): warning C4305: 'initializing': truncation from 'double' to 'float'
D:\4ano\2sem\vi\projeto\src\Primitive\BRDF\../../utils/RGB.hpp(57,37): warning C4244: 'return': conversion from 'double' to 'float', possible loss of data
  DistributedShader.cpp
D:\4ano\2sem\vi\projeto\src\Primitive\../utils/vector.hpp(56,21): warning C4244: 'argument': conversion from 'double' to 'float', possible loss of data
D:\4ano\2sem\vi\projeto\src\Primitive\../utils/vector.hpp(55,21): warning C4244: 'argument': conversion from 'double' to 'float', possible loss of data
D:\4ano\2sem\vi\projeto\src\Primitive\../utils/vector.hpp(54,35): warning C4244: 'argument': conversion from 'double' to 'float', possible loss of data
D:\4ano\2sem\vi\projeto\src\Primitive\../Rays/ray.hpp(13,25): warning C4305: 'initializing': truncation from 'double' to 'float'
D:\4ano\2sem\vi\projeto\src\Primitive\BRDF\../../utils/RGB.hpp(57,37): warning C4244: 'return': conversion from 'double' to 'float', possible loss of data
D:\4ano\2sem\vi\projeto\src\Shader\DistributedShader.cpp(102,48): warning C4244: 'argument': conversion from 'double' to 'float', possible loss of data
D:\4ano\2sem\vi\projeto\src\Shader\DistributedShader.cpp(104,45): warning C4244: 'argument': conversion from 'double' to 'float', possible loss of data
D:\4ano\2sem\vi\projeto\src\Shader\DistributedShader.cpp(105,36): warning C4244: 'argument': conversion from 'double' to 'float', possible loss of data
D:\4ano\2sem\vi\projeto\src\Shader\DistributedShader.cpp(105,53): warning C4244: 'argument': conversion from 'double' to 'float', possible loss of data
D:\4ano\2sem\vi\projeto\src\Shader\DistributedShader.cpp(106,36): warning C4244: 'argument': conversion from 'double' to 'float', possible loss of data
D:\4ano\2sem\vi\projeto\src\Shader\DistributedShader.cpp(106,53): warning C4244: 'argument': conversion from 'double' to 'float', possible loss of data
D:\4ano\2sem\vi\projeto\src\Shader\DistributedShader.cpp(107,53): warning C4244: 'initializing': conversion from 'double' to 'float', possible loss of data
D:\4ano\2sem\vi\projeto\src\Shader\DistributedShader.cpp(107,29): warning C4244: 'initializing': conversion from 'double' to 'const float', possible loss of data
  PathTracerShader.cpp
D:\4ano\2sem\vi\projeto\src\Primitive\../utils/vector.hpp(56,21): warning C4244: 'argument': conversion from 'double' to 'float', possible loss of data
D:\4ano\2sem\vi\projeto\src\Primitive\../utils/vector.hpp(55,21): warning C4244: 'argument': conversion from 'double' to 'float', possible loss of data
D:\4ano\2sem\vi\projeto\src\Primitive\../utils/vector.hpp(54,35): warning C4244: 'argument': conversion from 'double' to 'float', possible loss of data
D:\4ano\2sem\vi\projeto\src\Primitive\../Rays/ray.hpp(13,25): warning C4305: 'initializing': truncation from 'double' to 'float'
D:\4ano\2sem\vi\projeto\src\Primitive\BRDF\../../utils/RGB.hpp(57,37): warning C4244: 'return': conversion from 'double' to 'float', possible loss of data
  Generating Code...
  LibShader.vcxproj -> D:\4ano\2sem\vi\projeto\build\Release\LibShader.lib
